\BOOKMARK [0][-]{chapter.1}{\376\377\000C\000o\000n\000t\000e\000n\000t\000s}{}% 1
\BOOKMARK [1][-]{section.1.1}{\376\377\000I\000n\000s\000t\000a\000l\000l\000a\000t\000i\000o\000n}{chapter.1}% 2
\BOOKMARK [2][-]{subsection.1.1.1}{\376\377\000I\000n\000s\000t\000a\000l\000l\000\040\000v\000i\000a\000\040\000P\000i\000p}{section.1.1}% 3
\BOOKMARK [2][-]{subsection.1.1.2}{\376\377\000I\000n\000s\000t\000a\000l\000l\000\040\000v\000i\000a\000\040\000C\000o\000n\000d\000a}{section.1.1}% 4
\BOOKMARK [2][-]{subsection.1.1.3}{\376\377\000M\000a\000n\000u\000a\000l\000\040\000I\000n\000s\000t\000a\000l\000l\000a\000t\000i\000o\000n}{section.1.1}% 5
\BOOKMARK [1][-]{section.1.2}{\376\377\000R\000e\000a\000d\000i\000n\000g\000\040\000D\000A\000S\000\040\000D\000a\000t\000a}{chapter.1}% 6
\BOOKMARK [2][-]{subsection.1.2.1}{\376\377\000R\000e\000a\000d\000i\000n\000g\000\040\000D\000a\000t\000a\000\040\000f\000r\000o\000m\000\040\000F\000i\000l\000e\000s}{section.1.2}% 7
\BOOKMARK [2][-]{subsection.1.2.2}{\376\377\000C\000u\000s\000t\000o\000m\000i\000z\000e\000\040\000a\000\040\000R\000e\000a\000d\000\040\000F\000u\000n\000c\000t\000i\000o\000n}{section.1.2}% 8
\BOOKMARK [2][-]{subsection.1.2.3}{\376\377\000C\000o\000n\000v\000e\000r\000t\000i\000n\000g\000\040\000f\000r\000o\000m\000\040\000I\000n\000s\000t\000a\000n\000c\000e\000s\000\040\000o\000f\000\040\000O\000t\000h\000e\000r\000\040\000P\000a\000c\000k\000a\000g\000e\000s}{section.1.2}% 9
\BOOKMARK [2][-]{subsection.1.2.4}{\376\377\000S\000e\000c\000t\000i\000o\000n}{section.1.2}% 10
\BOOKMARK [2][-]{subsection.1.2.5}{\376\377\000D\000A\000S\000D\000a\000t\000e\000T\000i\000m\000e}{section.1.2}% 11
\BOOKMARK [1][-]{section.1.3}{\376\377\000P\000r\000o\000c\000e\000s\000s\000i\000n\000g\000\040\000c\000o\000n\000t\000i\000n\000u\000o\000u\000s\000\040\000d\000a\000t\000a}{chapter.1}% 12
\BOOKMARK [2][-]{subsection.1.3.1}{\376\377\000C\000o\000l\000l\000e\000c\000t\000i\000o\000n}{section.1.3}% 13
\BOOKMARK [2][-]{subsection.1.3.2}{\376\377\000D\000a\000t\000a\000\040\000S\000e\000l\000e\000c\000t\000i\000o\000n}{section.1.3}% 14
\BOOKMARK [2][-]{subsection.1.3.3}{\376\377\000C\000o\000n\000t\000i\000n\000u\000o\000u\000s\000\040\000D\000a\000t\000a\000\040\000P\000r\000o\000c\000e\000s\000s\000i\000n\000g}{section.1.3}% 15
\BOOKMARK [1][-]{section.1.4}{\376\377\000B\000a\000s\000i\000c\000\040\000P\000r\000o\000c\000e\000s\000s\000i\000n\000g}{chapter.1}% 16
\BOOKMARK [2][-]{subsection.1.4.1}{\376\377\000P\000r\000e\000p\000r\000o\000c\000e\000s\000s\000i\000n\000g}{section.1.4}% 17
\BOOKMARK [2][-]{subsection.1.4.2}{\376\377\000F\000i\000l\000t\000e\000r\000i\000n\000g}{section.1.4}% 18
\BOOKMARK [2][-]{subsection.1.4.3}{\376\377\000F\000r\000e\000q\000u\000e\000n\000c\000y\000\040\000A\000t\000t\000r\000i\000b\000u\000t\000e}{section.1.4}% 19
\BOOKMARK [1][-]{section.1.5}{\376\377\000V\000i\000s\000u\000a\000l\000i\000z\000a\000t\000i\000o\000n}{chapter.1}% 20
\BOOKMARK [2][-]{subsection.1.5.1}{\376\377\000C\000a\000l\000l\000\040\000C\000l\000a\000s\000s\000\040\000M\000e\000t\000h\000o\000d}{section.1.5}% 21
\BOOKMARK [2][-]{subsection.1.5.2}{\376\377\000C\000a\000l\000l\000\040\000t\000h\000e\000\040\000f\000u\000n\000c\000t\000i\000o\000n}{section.1.5}% 22
\BOOKMARK [1][-]{section.1.6}{\376\377\000C\000h\000a\000n\000n\000e\000l\000\040\000A\000n\000a\000l\000y\000s\000i\000s}{chapter.1}% 23
\BOOKMARK [2][-]{subsection.1.6.1}{\376\377\000L\000o\000c\000a\000t\000i\000o\000n\000\040\000I\000n\000t\000e\000r\000p\000o\000l\000a\000t\000i\000o\000n}{section.1.6}% 24
\BOOKMARK [2][-]{subsection.1.6.2}{\376\377\000T\000u\000r\000n\000i\000n\000g\000\040\000P\000o\000i\000n\000t\000\040\000D\000e\000t\000e\000c\000t\000i\000o\000n}{section.1.6}% 25
\BOOKMARK [2][-]{subsection.1.6.3}{\376\377\000C\000h\000a\000n\000n\000e\000l\000\040\000Q\000u\000a\000l\000i\000t\000y\000\040\000C\000h\000e\000c\000k\000i\000n\000g}{section.1.6}% 26
\BOOKMARK [1][-]{section.1.7}{\376\377\000D\000e\000n\000o\000i\000s\000i\000n\000g}{chapter.1}% 27
\BOOKMARK [2][-]{subsection.1.7.1}{\376\377\000S\000p\000i\000k\000e\000\040\000R\000e\000m\000o\000v\000a\000l}{section.1.7}% 28
\BOOKMARK [2][-]{subsection.1.7.2}{\376\377\000C\000o\000m\000m\000o\000n\000\040\000M\000o\000d\000e\000\040\000N\000o\000i\000s\000e\000\040\000R\000e\000m\000o\000v\000a\000l}{section.1.7}% 29
\BOOKMARK [2][-]{subsection.1.7.3}{\376\377\000S\000t\000o\000c\000h\000a\000s\000t\000i\000c\000\040\000N\000o\000i\000s\000e\000\040\000R\000e\000m\000o\000v\000a\000l}{section.1.7}% 30
\BOOKMARK [1][-]{section.1.8}{\376\377\000W\000a\000v\000e\000f\000i\000e\000l\000d\000\040\000D\000e\000c\000o\000m\000p\000o\000s\000i\000t\000i\000o\000n}{chapter.1}% 31
\BOOKMARK [2][-]{subsection.1.8.1}{\376\377\000F\000K\000\040\000F\000i\000l\000t\000e\000r\000i\000n\000g}{section.1.8}% 32
\BOOKMARK [2][-]{subsection.1.8.2}{\376\377\000C\000u\000r\000v\000e\000l\000e\000t\000\040\000W\000i\000n\000d\000o\000w\000i\000n\000g\000\040\000T\000e\000c\000h\000n\000o\000l\000o\000g\000y}{section.1.8}% 33
\BOOKMARK [1][-]{section.1.9}{\376\377\000S\000t\000r\000a\000i\000n\000-\000v\000e\000l\000o\000c\000i\000t\000y\000\040\000C\000o\000n\000v\000e\000r\000s\000i\000o\000n}{chapter.1}% 34
\BOOKMARK [2][-]{subsection.1.9.1}{\376\377\000F\000K\000\040\000R\000e\000s\000c\000a\000l\000i\000n\000g\000\040\000M\000e\000t\000h\000o\000d}{section.1.9}% 35
\BOOKMARK [2][-]{subsection.1.9.2}{\376\377\000C\000u\000r\000v\000e\000l\000e\000t\000\040\000T\000r\000a\000n\000s\000f\000o\000r\000m\000\040\000M\000e\000t\000h\000o\000d}{section.1.9}% 36
\BOOKMARK [2][-]{subsection.1.9.3}{\376\377\000T\000i\000m\000e\000-\000D\000o\000m\000a\000i\000n\000\040\000S\000l\000o\000w\000n\000e\000s\000s\000\040\000D\000e\000t\000e\000c\000t\000i\000o\000n\000\040\000M\000e\000t\000h\000o\000d}{section.1.9}% 37
\BOOKMARK [2][-]{subsection.1.9.4}{\376\377\000C\000o\000m\000p\000a\000r\000i\000s\000o\000n\000\040\000o\000f\000\040\000T\000h\000r\000e\000e\000\040\000M\000e\000t\000h\000o\000d\000s}{section.1.9}% 38
